{"/home/shahenaz/Desktop/social/main.js":{"path":"/home/shahenaz/Desktop/social/main.js","s":{"1":1,"2":1,"3":0,"4":0,"5":0,"6":0,"7":0},"b":{},"f":{"1":0},"fnMap":{"1":{"name":"mainhandler","line":3,"loc":{"start":{"line":3,"column":17},"end":{"line":3,"column":48}}}},"statementMap":{"1":{"start":{"line":1,"column":0},"end":{"line":1,"column":36}},"2":{"start":{"line":3,"column":0},"end":{"line":11,"column":1}},"3":{"start":{"line":4,"column":4},"end":{"line":4,"column":42}},"4":{"start":{"line":5,"column":4},"end":{"line":10,"column":5}},"5":{"start":{"line":6,"column":6},"end":{"line":6,"column":28}},"6":{"start":{"line":8,"column":6},"end":{"line":8,"column":31}},"7":{"start":{"line":9,"column":6},"end":{"line":9,"column":31}}},"branchMap":{}},"/home/shahenaz/Desktop/social/router.js":{"path":"/home/shahenaz/Desktop/social/router.js","s":{},"b":{},"f":{},"fnMap":{},"statementMap":{},"branchMap":{}}}